build/app/intermediates/manifest_merge_blame_file/debug/manifest-merger-blame-debug-report.txt
1<?xml version="1.0" encoding="utf-8"?>
2<manifest xmlns:android="http://schemas.android.com/apk/res/android"
3    package="com.example.game_template"
4    android:versionCode="1"
5    android:versionName="0.0.1" >
6
7    <uses-sdk
8        android:minSdkVersion="21"
9        android:targetSdkVersion="31" />
10    <!--
11         The INTERNET permission is required for development. Specifically,
12         the Flutter tool needs it to communicate with the running application
13         to allow setting breakpoints, to provide hot reload, etc.
14    -->
15    <uses-permission android:name="android.permission.INTERNET" />
15-->src/debug/AndroidManifest.xml:7:5-66
15-->src/debug/AndroidManifest.xml:7:22-64
16    <uses-permission android:name="android.permission.ACCESS_NETWORK_STATE" />
16-->[com.google.firebase:firebase-installations:17.1.0] AndroidManifest.xml:9:5-79
16-->[com.google.firebase:firebase-installations:17.1.0] AndroidManifest.xml:9:22-76
17    <uses-permission android:name="com.google.android.gms.permission.AD_ID" /> <!-- Android package visibility setting -->
17-->[com.google.android.gms:play-services-ads-lite:21.3.0] AndroidManifest.xml:25:5-79
17-->[com.google.android.gms:play-services-ads-lite:21.3.0] AndroidManifest.xml:25:22-76
18    <queries>
18-->[com.google.android.gms:play-services-ads-lite:21.3.0] AndroidManifest.xml:28:5-44:15
19
20        <!-- For browser content -->
21        <intent>
21-->[com.google.android.gms:play-services-ads-lite:21.3.0] AndroidManifest.xml:31:9-37:18
22            <action android:name="android.intent.action.VIEW" />
22-->[com.google.android.gms:play-services-ads-lite:21.3.0] AndroidManifest.xml:32:13-65
22-->[com.google.android.gms:play-services-ads-lite:21.3.0] AndroidManifest.xml:32:21-62
23
24            <category android:name="android.intent.category.BROWSABLE" />
24-->[com.google.android.gms:play-services-ads-lite:21.3.0] AndroidManifest.xml:34:13-74
24-->[com.google.android.gms:play-services-ads-lite:21.3.0] AndroidManifest.xml:34:23-71
25
26            <data android:scheme="https" />
26-->[com.google.android.gms:play-services-ads-lite:21.3.0] AndroidManifest.xml:36:13-44
26-->[com.google.android.gms:play-services-ads-lite:21.3.0] AndroidManifest.xml:36:19-41
27        </intent>
28        <!-- End of browser content -->
29        <!-- For CustomTabsService -->
30        <intent>
30-->[com.google.android.gms:play-services-ads-lite:21.3.0] AndroidManifest.xml:40:9-42:18
31            <action android:name="android.support.customtabs.action.CustomTabsService" />
31-->[com.google.android.gms:play-services-ads-lite:21.3.0] AndroidManifest.xml:41:13-90
31-->[com.google.android.gms:play-services-ads-lite:21.3.0] AndroidManifest.xml:41:21-87
32        </intent>
33        <!-- End of CustomTabsService -->
34        <intent>
34-->[com.android.billingclient:billing:5.1.0] AndroidManifest.xml:17:9-19:18
35            <action android:name="com.android.vending.billing.InAppBillingService.BIND" />
35-->[com.android.billingclient:billing:5.1.0] AndroidManifest.xml:18:13-91
35-->[com.android.billingclient:billing:5.1.0] AndroidManifest.xml:18:21-88
36        </intent>
37    </queries>
38
39    <uses-permission android:name="android.permission.WAKE_LOCK" />
39-->[com.google.android.gms:play-services-measurement-sdk-api:20.1.2] AndroidManifest.xml:25:5-68
39-->[com.google.android.gms:play-services-measurement-sdk-api:20.1.2] AndroidManifest.xml:25:22-65
40    <uses-permission android:name="android.permission.RECEIVE_BOOT_COMPLETED" />
40-->[androidx.work:work-runtime:2.7.0] AndroidManifest.xml:27:5-81
40-->[androidx.work:work-runtime:2.7.0] AndroidManifest.xml:27:22-78
41    <uses-permission android:name="android.permission.FOREGROUND_SERVICE" />
41-->[androidx.work:work-runtime:2.7.0] AndroidManifest.xml:28:5-77
41-->[androidx.work:work-runtime:2.7.0] AndroidManifest.xml:28:22-74
42    <uses-permission android:name="com.android.vending.BILLING" />
42-->[com.android.billingclient:billing:5.1.0] AndroidManifest.xml:10:5-67
42-->[com.android.billingclient:billing:5.1.0] AndroidManifest.xml:10:22-64
43
44    <application
45        android:name="android.app.Application"
46        android:appComponentFactory="androidx.core.app.CoreComponentFactory"
46-->[androidx.core:core:1.8.0] AndroidManifest.xml:24:18-86
47        android:debuggable="true"
48        android:icon="@mipmap/ic_launcher"
49        android:label="game_template" >
50        <activity
51            android:name="com.example.game_template.MainActivity"
52            android:configChanges="orientation|keyboardHidden|keyboard|screenSize|smallestScreenSize|locale|layoutDirection|fontScale|screenLayout|density|uiMode"
53            android:exported="true"
54            android:hardwareAccelerated="true"
55            android:launchMode="singleTop"
56            android:theme="@style/LaunchTheme"
57            android:windowSoftInputMode="adjustResize" >
58
59            <!--
60                 Specifies an Android theme to apply to this Activity as soon as
61                 the Android process has started. This theme is visible to the user
62                 while the Flutter UI initializes. After that, this theme continues
63                 to determine the Window background behind the Flutter UI.
64            -->
65            <meta-data
66                android:name="io.flutter.embedding.android.NormalTheme"
67                android:resource="@style/NormalTheme" />
68
69            <intent-filter>
70                <action android:name="android.intent.action.MAIN" />
71
72                <category android:name="android.intent.category.LAUNCHER" />
73            </intent-filter>
74        </activity>
75        <!-- Google Mobile Ads -->
76        <!--
77             TODO: Replace the sample AdMob app ID with an actual app ID.
78                   See README.txt for details.
79        -->
80        <meta-data
81            android:name="com.google.android.gms.ads.APPLICATION_ID"
82            android:value="ca-app-pub-3940256099942544~3347511713" />
83        <!-- Google Play Games -->
84        <!--
85            Warning: Never include the Play Games app_id directly here.
86                     It won't work. Use the XML file in res/values.
87        -->
88        <meta-data
89            android:name="com.google.android.gms.games.APP_ID"
90            android:value="@string/app_id" />
91        <meta-data
92            android:name="com.google.android.gms.version"
93            android:value="@integer/google_play_services_version" />
94        <!--
95             Don't delete the meta-data below.
96             This is used by the Flutter tool to generate GeneratedPluginRegistrant.java
97        -->
98        <meta-data
99            android:name="flutterEmbedding"
100            android:value="2" />
101
102        <service
102-->[:firebase_crashlytics] AndroidManifest.xml:10:9-14:19
103            android:name="com.google.firebase.components.ComponentDiscoveryService"
103-->[:firebase_crashlytics] AndroidManifest.xml:10:18-89
104            android:directBootAware="true"
104-->[com.google.firebase:firebase-common:20.3.0] AndroidManifest.xml:34:13-43
105            android:exported="false" >
105-->[com.google.firebase:firebase-crashlytics:18.3.3] AndroidManifest.xml:16:13-37
106            <meta-data
106-->[:firebase_crashlytics] AndroidManifest.xml:11:13-13:85
107                android:name="com.google.firebase.components:io.flutter.plugins.firebase.crashlytics.FlutterFirebaseAppRegistrar"
107-->[:firebase_crashlytics] AndroidManifest.xml:12:17-130
108                android:value="com.google.firebase.components.ComponentRegistrar" />
108-->[:firebase_crashlytics] AndroidManifest.xml:13:17-82
109            <meta-data
109-->[:firebase_core] AndroidManifest.xml:11:13-13:85
110                android:name="com.google.firebase.components:io.flutter.plugins.firebase.core.FlutterFirebaseCoreRegistrar"
110-->[:firebase_core] AndroidManifest.xml:12:17-124
111                android:value="com.google.firebase.components.ComponentRegistrar" />
111-->[:firebase_core] AndroidManifest.xml:13:17-82
112            <meta-data
112-->[com.google.firebase:firebase-crashlytics:18.3.3] AndroidManifest.xml:17:13-19:85
113                android:name="com.google.firebase.components:com.google.firebase.crashlytics.CrashlyticsRegistrar"
113-->[com.google.firebase:firebase-crashlytics:18.3.3] AndroidManifest.xml:18:17-115
114                android:value="com.google.firebase.components.ComponentRegistrar" />
114-->[com.google.firebase:firebase-crashlytics:18.3.3] AndroidManifest.xml:19:17-82
115            <meta-data
115-->[com.google.firebase:firebase-installations:17.1.0] AndroidManifest.xml:17:13-19:85
116                android:name="com.google.firebase.components:com.google.firebase.installations.FirebaseInstallationsRegistrar"
116-->[com.google.firebase:firebase-installations:17.1.0] AndroidManifest.xml:18:17-127
117                android:value="com.google.firebase.components.ComponentRegistrar" />
117-->[com.google.firebase:firebase-installations:17.1.0] AndroidManifest.xml:19:17-82
118        </service>
119
120        <meta-data
120-->[:google_mobile_ads] AndroidManifest.xml:12:9-14:36
121            android:name="io.flutter.embedded_views_preview"
121-->[:google_mobile_ads] AndroidManifest.xml:13:13-61
122            android:value="true" />
122-->[:google_mobile_ads] AndroidManifest.xml:14:13-33
123
124        <uses-library
124-->[androidx.window:window:1.0.0-beta04] AndroidManifest.xml:25:9-27:40
125            android:name="androidx.window.extensions"
125-->[androidx.window:window:1.0.0-beta04] AndroidManifest.xml:26:13-54
126            android:required="false" />
126-->[androidx.window:window:1.0.0-beta04] AndroidManifest.xml:27:13-37
127        <uses-library
127-->[androidx.window:window:1.0.0-beta04] AndroidManifest.xml:28:9-30:40
128            android:name="androidx.window.sidecar"
128-->[androidx.window:window:1.0.0-beta04] AndroidManifest.xml:29:13-51
129            android:required="false" />
129-->[androidx.window:window:1.0.0-beta04] AndroidManifest.xml:30:13-37
130
131        <provider
131-->[com.google.firebase:firebase-common:20.3.0] AndroidManifest.xml:25:9-30:39
132            android:name="com.google.firebase.provider.FirebaseInitProvider"
132-->[com.google.firebase:firebase-common:20.3.0] AndroidManifest.xml:26:13-77
133            android:authorities="com.example.game_template.firebaseinitprovider"
133-->[com.google.firebase:firebase-common:20.3.0] AndroidManifest.xml:27:13-72
134            android:directBootAware="true"
134-->[com.google.firebase:firebase-common:20.3.0] AndroidManifest.xml:28:13-43
135            android:exported="false"
135-->[com.google.firebase:firebase-common:20.3.0] AndroidManifest.xml:29:13-37
136            android:initOrder="100" />
136-->[com.google.firebase:firebase-common:20.3.0] AndroidManifest.xml:30:13-36
137
138        <activity
138-->[com.google.android.gms:play-services-auth:20.2.0] AndroidManifest.xml:23:9-27:75
139            android:name="com.google.android.gms.auth.api.signin.internal.SignInHubActivity"
139-->[com.google.android.gms:play-services-auth:20.2.0] AndroidManifest.xml:24:13-93
140            android:excludeFromRecents="true"
140-->[com.google.android.gms:play-services-auth:20.2.0] AndroidManifest.xml:25:13-46
141            android:exported="false"
141-->[com.google.android.gms:play-services-auth:20.2.0] AndroidManifest.xml:26:13-37
142            android:theme="@android:style/Theme.Translucent.NoTitleBar" />
142-->[com.google.android.gms:play-services-auth:20.2.0] AndroidManifest.xml:27:13-72
143        <!--
144            Service handling Google Sign-In user revocation. For apps that do not integrate with
145            Google Sign-In, this service will never be started.
146        -->
147        <service
147-->[com.google.android.gms:play-services-auth:20.2.0] AndroidManifest.xml:33:9-37:51
148            android:name="com.google.android.gms.auth.api.signin.RevocationBoundService"
148-->[com.google.android.gms:play-services-auth:20.2.0] AndroidManifest.xml:34:13-89
149            android:exported="true"
149-->[com.google.android.gms:play-services-auth:20.2.0] AndroidManifest.xml:35:13-36
150            android:permission="com.google.android.gms.auth.api.signin.permission.REVOCATION_NOTIFICATION"
150-->[com.google.android.gms:play-services-auth:20.2.0] AndroidManifest.xml:36:13-107
151            android:visibleToInstantApps="true" />
151-->[com.google.android.gms:play-services-auth:20.2.0] AndroidManifest.xml:37:13-48
152
153        <activity
153-->[com.google.android.gms:play-services-base:18.0.1] AndroidManifest.xml:20:9-22:45
154            android:name="com.google.android.gms.common.api.GoogleApiActivity"
154-->[com.google.android.gms:play-services-base:18.0.1] AndroidManifest.xml:20:19-85
155            android:exported="false"
155-->[com.google.android.gms:play-services-base:18.0.1] AndroidManifest.xml:22:19-43
156            android:theme="@android:style/Theme.Translucent.NoTitleBar" /> <!-- Include the AdActivity and InAppPurchaseActivity configChanges and themes. -->
156-->[com.google.android.gms:play-services-base:18.0.1] AndroidManifest.xml:21:19-78
157        <activity
157-->[com.google.android.gms:play-services-ads-lite:21.3.0] AndroidManifest.xml:49:9-53:64
158            android:name="com.google.android.gms.ads.AdActivity"
158-->[com.google.android.gms:play-services-ads-lite:21.3.0] AndroidManifest.xml:50:13-65
159            android:configChanges="keyboard|keyboardHidden|orientation|screenLayout|uiMode|screenSize|smallestScreenSize"
159-->[com.google.android.gms:play-services-ads-lite:21.3.0] AndroidManifest.xml:51:13-122
160            android:exported="false"
160-->[com.google.android.gms:play-services-ads-lite:21.3.0] AndroidManifest.xml:52:13-37
161            android:theme="@android:style/Theme.Translucent" />
161-->[com.google.android.gms:play-services-ads-lite:21.3.0] AndroidManifest.xml:53:13-61
162
163        <provider
163-->[com.google.android.gms:play-services-ads-lite:21.3.0] AndroidManifest.xml:55:9-59:39
164            android:name="com.google.android.gms.ads.MobileAdsInitProvider"
164-->[com.google.android.gms:play-services-ads-lite:21.3.0] AndroidManifest.xml:56:13-76
165            android:authorities="com.example.game_template.mobileadsinitprovider"
165-->[com.google.android.gms:play-services-ads-lite:21.3.0] AndroidManifest.xml:57:13-73
166            android:exported="false"
166-->[com.google.android.gms:play-services-ads-lite:21.3.0] AndroidManifest.xml:58:13-37
167            android:initOrder="100" />
167-->[com.google.android.gms:play-services-ads-lite:21.3.0] AndroidManifest.xml:59:13-36
168
169        <service
169-->[com.google.android.gms:play-services-ads-lite:21.3.0] AndroidManifest.xml:61:9-64:40
170            android:name="com.google.android.gms.ads.AdService"
170-->[com.google.android.gms:play-services-ads-lite:21.3.0] AndroidManifest.xml:62:13-64
171            android:enabled="true"
171-->[com.google.android.gms:play-services-ads-lite:21.3.0] AndroidManifest.xml:63:13-35
172            android:exported="false" />
172-->[com.google.android.gms:play-services-ads-lite:21.3.0] AndroidManifest.xml:64:13-37
173
174        <provider
174-->[androidx.work:work-runtime:2.7.0] AndroidManifest.xml:31:9-39:20
175            android:name="androidx.startup.InitializationProvider"
175-->[androidx.work:work-runtime:2.7.0] AndroidManifest.xml:32:13-67
176            android:authorities="com.example.game_template.androidx-startup"
176-->[androidx.work:work-runtime:2.7.0] AndroidManifest.xml:33:13-68
177            android:exported="false" >
177-->[androidx.work:work-runtime:2.7.0] AndroidManifest.xml:34:13-37
178            <meta-data
178-->[androidx.work:work-runtime:2.7.0] AndroidManifest.xml:36:13-38:52
179                android:name="androidx.work.WorkManagerInitializer"
179-->[androidx.work:work-runtime:2.7.0] AndroidManifest.xml:37:17-68
180                android:value="androidx.startup" />
180-->[androidx.work:work-runtime:2.7.0] AndroidManifest.xml:38:17-49
181        </provider>
182
183        <service
183-->[androidx.work:work-runtime:2.7.0] AndroidManifest.xml:41:9-46:35
184            android:name="androidx.work.impl.background.systemalarm.SystemAlarmService"
184-->[androidx.work:work-runtime:2.7.0] AndroidManifest.xml:42:13-88
185            android:directBootAware="false"
185-->[androidx.work:work-runtime:2.7.0] AndroidManifest.xml:43:13-44
186            android:enabled="@bool/enable_system_alarm_service_default"
186-->[androidx.work:work-runtime:2.7.0] AndroidManifest.xml:44:13-72
187            android:exported="false" />
187-->[androidx.work:work-runtime:2.7.0] AndroidManifest.xml:45:13-37
188        <service
188-->[androidx.work:work-runtime:2.7.0] AndroidManifest.xml:47:9-53:35
189            android:name="androidx.work.impl.background.systemjob.SystemJobService"
189-->[androidx.work:work-runtime:2.7.0] AndroidManifest.xml:48:13-84
190            android:directBootAware="false"
190-->[androidx.work:work-runtime:2.7.0] AndroidManifest.xml:49:13-44
191            android:enabled="@bool/enable_system_job_service_default"
191-->[androidx.work:work-runtime:2.7.0] AndroidManifest.xml:50:13-70
192            android:exported="true"
192-->[androidx.work:work-runtime:2.7.0] AndroidManifest.xml:51:13-36
193            android:permission="android.permission.BIND_JOB_SERVICE" />
193-->[androidx.work:work-runtime:2.7.0] AndroidManifest.xml:52:13-69
194        <service
194-->[androidx.work:work-runtime:2.7.0] AndroidManifest.xml:54:9-59:35
195            android:name="androidx.work.impl.foreground.SystemForegroundService"
195-->[androidx.work:work-runtime:2.7.0] AndroidManifest.xml:55:13-81
196            android:directBootAware="false"
196-->[androidx.work:work-runtime:2.7.0] AndroidManifest.xml:56:13-44
197            android:enabled="@bool/enable_system_foreground_service_default"
197-->[androidx.work:work-runtime:2.7.0] AndroidManifest.xml:57:13-77
198            android:exported="false" />
198-->[androidx.work:work-runtime:2.7.0] AndroidManifest.xml:58:13-37
199
200        <receiver
200-->[androidx.work:work-runtime:2.7.0] AndroidManifest.xml:61:9-66:35
201            android:name="androidx.work.impl.utils.ForceStopRunnable$BroadcastReceiver"
201-->[androidx.work:work-runtime:2.7.0] AndroidManifest.xml:62:13-88
202            android:directBootAware="false"
202-->[androidx.work:work-runtime:2.7.0] AndroidManifest.xml:63:13-44
203            android:enabled="true"
203-->[androidx.work:work-runtime:2.7.0] AndroidManifest.xml:64:13-35
204            android:exported="false" />
204-->[androidx.work:work-runtime:2.7.0] AndroidManifest.xml:65:13-37
205        <receiver
205-->[androidx.work:work-runtime:2.7.0] AndroidManifest.xml:67:9-77:20
206            android:name="androidx.work.impl.background.systemalarm.ConstraintProxy$BatteryChargingProxy"
206-->[androidx.work:work-runtime:2.7.0] AndroidManifest.xml:68:13-106
207            android:directBootAware="false"
207-->[androidx.work:work-runtime:2.7.0] AndroidManifest.xml:69:13-44
208            android:enabled="false"
208-->[androidx.work:work-runtime:2.7.0] AndroidManifest.xml:70:13-36
209            android:exported="false" >
209-->[androidx.work:work-runtime:2.7.0] AndroidManifest.xml:71:13-37
210            <intent-filter>
210-->[androidx.work:work-runtime:2.7.0] AndroidManifest.xml:73:13-76:29
211                <action android:name="android.intent.action.ACTION_POWER_CONNECTED" />
211-->[androidx.work:work-runtime:2.7.0] AndroidManifest.xml:74:17-87
211-->[androidx.work:work-runtime:2.7.0] AndroidManifest.xml:74:25-84
212                <action android:name="android.intent.action.ACTION_POWER_DISCONNECTED" />
212-->[androidx.work:work-runtime:2.7.0] AndroidManifest.xml:75:17-90
212-->[androidx.work:work-runtime:2.7.0] AndroidManifest.xml:75:25-87
213            </intent-filter>
214        </receiver>
215        <receiver
215-->[androidx.work:work-runtime:2.7.0] AndroidManifest.xml:78:9-88:20
216            android:name="androidx.work.impl.background.systemalarm.ConstraintProxy$BatteryNotLowProxy"
216-->[androidx.work:work-runtime:2.7.0] AndroidManifest.xml:79:13-104
217            android:directBootAware="false"
217-->[androidx.work:work-runtime:2.7.0] AndroidManifest.xml:80:13-44
218            android:enabled="false"
218-->[androidx.work:work-runtime:2.7.0] AndroidManifest.xml:81:13-36
219            android:exported="false" >
219-->[androidx.work:work-runtime:2.7.0] AndroidManifest.xml:82:13-37
220            <intent-filter>
220-->[androidx.work:work-runtime:2.7.0] AndroidManifest.xml:84:13-87:29
221                <action android:name="android.intent.action.BATTERY_OKAY" />
221-->[androidx.work:work-runtime:2.7.0] AndroidManifest.xml:85:17-77
221-->[androidx.work:work-runtime:2.7.0] AndroidManifest.xml:85:25-74
222                <action android:name="android.intent.action.BATTERY_LOW" />
222-->[androidx.work:work-runtime:2.7.0] AndroidManifest.xml:86:17-76
222-->[androidx.work:work-runtime:2.7.0] AndroidManifest.xml:86:25-73
223            </intent-filter>
224        </receiver>
225        <receiver
225-->[androidx.work:work-runtime:2.7.0] AndroidManifest.xml:89:9-99:20
226            android:name="androidx.work.impl.background.systemalarm.ConstraintProxy$StorageNotLowProxy"
226-->[androidx.work:work-runtime:2.7.0] AndroidManifest.xml:90:13-104
227            android:directBootAware="false"
227-->[androidx.work:work-runtime:2.7.0] AndroidManifest.xml:91:13-44
228            android:enabled="false"
228-->[androidx.work:work-runtime:2.7.0] AndroidManifest.xml:92:13-36
229            android:exported="false" >
229-->[androidx.work:work-runtime:2.7.0] AndroidManifest.xml:93:13-37
230            <intent-filter>
230-->[androidx.work:work-runtime:2.7.0] AndroidManifest.xml:95:13-98:29
231                <action android:name="android.intent.action.DEVICE_STORAGE_LOW" />
231-->[androidx.work:work-runtime:2.7.0] AndroidManifest.xml:96:17-83
231-->[androidx.work:work-runtime:2.7.0] AndroidManifest.xml:96:25-80
232                <action android:name="android.intent.action.DEVICE_STORAGE_OK" />
232-->[androidx.work:work-runtime:2.7.0] AndroidManifest.xml:97:17-82
232-->[androidx.work:work-runtime:2.7.0] AndroidManifest.xml:97:25-79
233            </intent-filter>
234        </receiver>
235        <receiver
235-->[androidx.work:work-runtime:2.7.0] AndroidManifest.xml:100:9-109:20
236            android:name="androidx.work.impl.background.systemalarm.ConstraintProxy$NetworkStateProxy"
236-->[androidx.work:work-runtime:2.7.0] AndroidManifest.xml:101:13-103
237            android:directBootAware="false"
237-->[androidx.work:work-runtime:2.7.0] AndroidManifest.xml:102:13-44
238            android:enabled="false"
238-->[androidx.work:work-runtime:2.7.0] AndroidManifest.xml:103:13-36
239            android:exported="false" >
239-->[androidx.work:work-runtime:2.7.0] AndroidManifest.xml:104:13-37
240            <intent-filter>
240-->[androidx.work:work-runtime:2.7.0] AndroidManifest.xml:106:13-108:29
241                <action android:name="android.net.conn.CONNECTIVITY_CHANGE" />
241-->[androidx.work:work-runtime:2.7.0] AndroidManifest.xml:107:17-79
241-->[androidx.work:work-runtime:2.7.0] AndroidManifest.xml:107:25-76
242            </intent-filter>
243        </receiver>
244        <receiver
244-->[androidx.work:work-runtime:2.7.0] AndroidManifest.xml:110:9-121:20
245            android:name="androidx.work.impl.background.systemalarm.RescheduleReceiver"
245-->[androidx.work:work-runtime:2.7.0] AndroidManifest.xml:111:13-88
246            android:directBootAware="false"
246-->[androidx.work:work-runtime:2.7.0] AndroidManifest.xml:112:13-44
247            android:enabled="false"
247-->[androidx.work:work-runtime:2.7.0] AndroidManifest.xml:113:13-36
248            android:exported="false" >
248-->[androidx.work:work-runtime:2.7.0] AndroidManifest.xml:114:13-37
249            <intent-filter>
249-->[androidx.work:work-runtime:2.7.0] AndroidManifest.xml:116:13-120:29
250                <action android:name="android.intent.action.BOOT_COMPLETED" />
250-->[androidx.work:work-runtime:2.7.0] AndroidManifest.xml:117:17-79
250-->[androidx.work:work-runtime:2.7.0] AndroidManifest.xml:117:25-76
251                <action android:name="android.intent.action.TIME_SET" />
251-->[androidx.work:work-runtime:2.7.0] AndroidManifest.xml:118:17-73
251-->[androidx.work:work-runtime:2.7.0] AndroidManifest.xml:118:25-70
252                <action android:name="android.intent.action.TIMEZONE_CHANGED" />
252-->[androidx.work:work-runtime:2.7.0] AndroidManifest.xml:119:17-81
252-->[androidx.work:work-runtime:2.7.0] AndroidManifest.xml:119:25-78
253            </intent-filter>
254        </receiver>
255        <receiver
255-->[androidx.work:work-runtime:2.7.0] AndroidManifest.xml:122:9-131:20
256            android:name="androidx.work.impl.background.systemalarm.ConstraintProxyUpdateReceiver"
256-->[androidx.work:work-runtime:2.7.0] AndroidManifest.xml:123:13-99
257            android:directBootAware="false"
257-->[androidx.work:work-runtime:2.7.0] AndroidManifest.xml:124:13-44
258            android:enabled="@bool/enable_system_alarm_service_default"
258-->[androidx.work:work-runtime:2.7.0] AndroidManifest.xml:125:13-72
259            android:exported="false" >
259-->[androidx.work:work-runtime:2.7.0] AndroidManifest.xml:126:13-37
260            <intent-filter>
260-->[androidx.work:work-runtime:2.7.0] AndroidManifest.xml:128:13-130:29
261                <action android:name="androidx.work.impl.background.systemalarm.UpdateProxies" />
261-->[androidx.work:work-runtime:2.7.0] AndroidManifest.xml:129:17-98
261-->[androidx.work:work-runtime:2.7.0] AndroidManifest.xml:129:25-95
262            </intent-filter>
263        </receiver>
264        <receiver
264-->[androidx.work:work-runtime:2.7.0] AndroidManifest.xml:132:9-142:20
265            android:name="androidx.work.impl.diagnostics.DiagnosticsReceiver"
265-->[androidx.work:work-runtime:2.7.0] AndroidManifest.xml:133:13-78
266            android:directBootAware="false"
266-->[androidx.work:work-runtime:2.7.0] AndroidManifest.xml:134:13-44
267            android:enabled="true"
267-->[androidx.work:work-runtime:2.7.0] AndroidManifest.xml:135:13-35
268            android:exported="true"
268-->[androidx.work:work-runtime:2.7.0] AndroidManifest.xml:136:13-36
269            android:permission="android.permission.DUMP" >
269-->[androidx.work:work-runtime:2.7.0] AndroidManifest.xml:137:13-57
270            <intent-filter>
270-->[androidx.work:work-runtime:2.7.0] AndroidManifest.xml:139:13-141:29
271                <action android:name="androidx.work.diagnostics.REQUEST_DIAGNOSTICS" />
271-->[androidx.work:work-runtime:2.7.0] AndroidManifest.xml:140:17-88
271-->[androidx.work:work-runtime:2.7.0] AndroidManifest.xml:140:25-85
272            </intent-filter>
273        </receiver>
274
275        <service
275-->[com.google.android.datatransport:transport-backend-cct:3.1.8] AndroidManifest.xml:28:9-34:19
276            android:name="com.google.android.datatransport.runtime.backends.TransportBackendDiscovery"
276-->[com.google.android.datatransport:transport-backend-cct:3.1.8] AndroidManifest.xml:29:13-103
277            android:exported="false" >
277-->[com.google.android.datatransport:transport-backend-cct:3.1.8] AndroidManifest.xml:30:13-37
278            <meta-data
278-->[com.google.android.datatransport:transport-backend-cct:3.1.8] AndroidManifest.xml:31:13-33:39
279                android:name="backend:com.google.android.datatransport.cct.CctBackendFactory"
279-->[com.google.android.datatransport:transport-backend-cct:3.1.8] AndroidManifest.xml:32:17-94
280                android:value="cct" />
280-->[com.google.android.datatransport:transport-backend-cct:3.1.8] AndroidManifest.xml:33:17-36
281        </service>
282        <service
282-->[com.google.android.datatransport:transport-runtime:3.1.8] AndroidManifest.xml:26:9-30:19
283            android:name="com.google.android.datatransport.runtime.scheduling.jobscheduling.JobInfoSchedulerService"
283-->[com.google.android.datatransport:transport-runtime:3.1.8] AndroidManifest.xml:27:13-117
284            android:exported="false"
284-->[com.google.android.datatransport:transport-runtime:3.1.8] AndroidManifest.xml:28:13-37
285            android:permission="android.permission.BIND_JOB_SERVICE" >
285-->[com.google.android.datatransport:transport-runtime:3.1.8] AndroidManifest.xml:29:13-69
286        </service>
287
288        <receiver
288-->[com.google.android.datatransport:transport-runtime:3.1.8] AndroidManifest.xml:32:9-34:40
289            android:name="com.google.android.datatransport.runtime.scheduling.jobscheduling.AlarmManagerSchedulerBroadcastReceiver"
289-->[com.google.android.datatransport:transport-runtime:3.1.8] AndroidManifest.xml:33:13-132
290            android:exported="false" />
290-->[com.google.android.datatransport:transport-runtime:3.1.8] AndroidManifest.xml:34:13-37
291
292        <provider
292-->[androidx.lifecycle:lifecycle-process:2.2.0] AndroidManifest.xml:25:9-29:43
293            android:name="androidx.lifecycle.ProcessLifecycleOwnerInitializer"
293-->[androidx.lifecycle:lifecycle-process:2.2.0] AndroidManifest.xml:26:13-79
294            android:authorities="com.example.game_template.lifecycle-process"
294-->[androidx.lifecycle:lifecycle-process:2.2.0] AndroidManifest.xml:27:13-69
295            android:exported="false"
295-->[androidx.lifecycle:lifecycle-process:2.2.0] AndroidManifest.xml:28:13-37
296            android:multiprocess="true" />
296-->[androidx.lifecycle:lifecycle-process:2.2.0] AndroidManifest.xml:29:13-40
297
298        <service
298-->[androidx.room:room-runtime:2.2.5] AndroidManifest.xml:25:9-28:40
299            android:name="androidx.room.MultiInstanceInvalidationService"